Instancia: 100-3.dat, Semilla: 546, Tiempo (s): 0.571065
Instancia: 100-3.dat, Semilla: 84, Tiempo (s): 0.603312
Instancia: 100-3.dat, Semilla: 927, Tiempo (s): 0.664298
Instancia: 100-3.dat, Semilla: 864, Tiempo (s): 0.534322
Instancia: 100-3.dat, Semilla: 220, Tiempo (s): 0.518458
Instancia: 100-3.dat, Semilla: 858, Tiempo (s): 0.503487
Instancia: 100-3.dat, Semilla: 574, Tiempo (s): 0.662533
Instancia: 100-3.dat, Semilla: 414, Tiempo (s): 0.440978
Instancia: 100-3.dat, Semilla: 739, Tiempo (s): 0.514324
Instancia: 100-3.dat, Semilla: 511, Tiempo (s): 0.54683
Instancia: 150-11.dat, Semilla: 847, Tiempo (s): 1.26405
Instancia: 150-11.dat, Semilla: 865, Tiempo (s): 1.24823
Instancia: 150-11.dat, Semilla: 885, Tiempo (s): 0.976972
Instancia: 150-11.dat, Semilla: 815, Tiempo (s): 1.10654
Instancia: 150-11.dat, Semilla: 187, Tiempo (s): 1.09679
Instancia: 150-11.dat, Semilla: 739, Tiempo (s): 0.948526
Instancia: 150-11.dat, Semilla: 842, Tiempo (s): 1.05067
Instancia: 150-11.dat, Semilla: 500, Tiempo (s): 1.05969
Instancia: 150-11.dat, Semilla: 901, Tiempo (s): 1.02777
Instancia: 150-11.dat, Semilla: 317, Tiempo (s): 0.865479
Instancia: DRP.dat, Semilla: 942, Tiempo (s): 0.15244
Instancia: DRP.dat, Semilla: 139, Tiempo (s): 0.211602
Instancia: DRP.dat, Semilla: 881, Tiempo (s): 0.148143
Instancia: DRP.dat, Semilla: 97, Tiempo (s): 0.179748
Instancia: DRP.dat, Semilla: 980, Tiempo (s): 0.129443
Instancia: DRP.dat, Semilla: 386, Tiempo (s): 0.194541
Instancia: DRP.dat, Semilla: 324, Tiempo (s): 0.227904
Instancia: DRP.dat, Semilla: 333, Tiempo (s): 0.204948
Instancia: DRP.dat, Semilla: 376, Tiempo (s): 0.171418
Instancia: DRP.dat, Semilla: 631, Tiempo (s): 0.229643
Instancia: SJC324-3.dat, Semilla: 630, Tiempo (s): 1.75068
Instancia: SJC324-3.dat, Semilla: 542, Tiempo (s): 1.76313
Instancia: SJC324-3.dat, Semilla: 793, Tiempo (s): 1.85047
Instancia: SJC324-3.dat, Semilla: 189, Tiempo (s): 1.82768
Instancia: SJC324-3.dat, Semilla: 883, Tiempo (s): 1.87745
Instancia: SJC324-3.dat, Semilla: 948, Tiempo (s): 1.90617
Instancia: SJC324-3.dat, Semilla: 445, Tiempo (s): 2.02117
Instancia: SJC324-3.dat, Semilla: 956, Tiempo (s): 2.26599
Instancia: SJC324-3.dat, Semilla: 314, Tiempo (s): 2.47276
Instancia: SJC324-3.dat, Semilla: 22, Tiempo (s): 2.18337
Instancia: 100-3.dat, Semilla: 123, Tiempo (s): 0.392274
Instancia: 100-3.dat, Semilla: 123, Tiempo (s): 0.521774
Instancia: 100-3.dat, Semilla: 123, Tiempo (s): 0.409198
Instancia: 100-3.dat, Semilla: 123, Tiempo (s): 0.414457
Instancia: 100-3.dat, Semilla: 123, Tiempo (s): 0.407563
Instancia: 100-3.dat, Semilla: 123, Tiempo (s): 1.01105
Instancia: 100-3.dat, Semilla: 123, Tiempo (s): 0.73452
Instancia: 100-3.dat, Semilla: 123, Tiempo (s): 0.751072
Instancia: 100-3.dat, Semilla: 123, Tiempo (s): 1.07318
Instancia: SJC324-3.dat, Semilla: 123, Tiempo (s): 4.48745
Instancia: DRP.dat, Semilla: 123, Tiempo (s): 0.421834
Instancia: 1000-88_4.dat, Semilla: 123, Tiempo (s): 80.2344
Instancia: 1000-88_4.dat, Semilla: 123, Tiempo (s): 61.5909
Instancia: 1450-71_4.dat, Semilla: 0, Tiempo (s): 176.325
Instancia: DRP.dat, Semilla: 0, Tiempo (s): 0.351089
Instancia: 100-3.dat, Semilla: 123, Tiempo (s): 0.393721
Instancia: 100-3.dat, Semilla: 123, Tiempo (s): 0.389285
Instancia: 100-3.dat, Semilla: 123, Tiempo (s): 0.394537
Instancia: 100-3.dat, Semilla: 123, Tiempo (s): 0.420027
Instancia: 100-3.dat, Semilla: 123, Tiempo (s): 0.368524
Instancia: 100-3.dat, Semilla: 123, Tiempo (s): 0.369698
Instancia: 100-3.dat, Semilla: 123, Tiempo (s): 0.697479
Instancia: 100-3.dat, Semilla: 123, Tiempo (s): 0.685058
Instancia: 100-3.dat, Semilla: 123, Tiempo (s): 0.835322
Instancia: DRP.dat, Semilla: 123, Tiempo (s): 0.342919
Instancia: 1450-71_4.dat, Semilla: 123, Tiempo (s): 57.4144
Instancia: SJC324-3.dat, Semilla: 123, Tiempo (s): 0.915096
Instancia: 1000-88_4.dat, Semilla: 123, Tiempo (s): 15.9685
Instancia: INSTANCES/100-3.dat, Semilla: 123, Tiempo (s): 0.409031
Instancia: INSTANCES/100-3.dat, Semilla: 123, Tiempo (s): 0.319794
Instancia: INSTANCES/100-3.dat, Semilla: 1, Tiempo (s): 0.291087
Instancia: INSTANCES/DRP.dat, Semilla: 1, Tiempo (s): 0.152393
Instancia: INSTANCES/DRP.dat, Semilla: 123, Tiempo (s): 0.176148
Instancia: INSTANCES/100-3.dat, Semilla: 123, Tiempo (s): 0.262888
Instancia: INSTANCES/1000-88_4.dat, Semilla: 123, Tiempo (s): 34.4198
Instancia: INSTANCES/DRP.dat, Semilla: 123, Tiempo (s): 0.1401
Instancia: INSTANCES/150-11.dat, Semilla: 123, Tiempo (s): 0.408336
Instancia: INSTANCES/DRP.dat, Semilla: 123, Tiempo (s): 0.124771
Instancia: INSTANCES/1450-71_4.dat, Semilla: 123, Tiempo (s): 38.0432
Instancia: INSTANCES/aaa.dat, Semilla: 123, Tiempo (s): 0.128041
Instancia: INSTANCES/bbb.dat, Semilla: 123, Tiempo (s): 0.927735
Instancia: INSTANCES/bbb.dat, Semilla: 123, Tiempo (s): 0.653259
Instancia: INSTANCES/bbb.dat, Semilla: 123, Tiempo (s): 0.652025
Instancia: INSTANCES/ccc.dat, Semilla: 123, Tiempo (s): 0.22388
Instancia: INSTANCES/ddd.dat, Semilla: 123, Tiempo (s): 0.132895
Instancia: INSTANCES/ddd.dat, Semilla: 123, Tiempo (s): 0.167349
Instancia: INSTANCES/eee.dat, Semilla: 123, Tiempo (s): 0.198447
Instancia: INSTANCES/bbb.dat, Semilla: 123, Tiempo (s): 1.14569
Instancia: INSTANCES/version_1.dat, Semilla: 123, Tiempo (s): 0.176112
Instancia: INSTANCES/DRP.dat, Semilla: 123, Tiempo (s): 0.168739
Instancia: INSTANCES/DRP.dat, Semilla: 123, Tiempo (s): 0.199129
Instancia: INSTANCES/DRP.dat, Semilla: 123, Tiempo (s): 0.161032
Instancia: INSTANCES/DRP.dat, Semilla: 123, Tiempo (s): 0.184426
Instancia: INSTANCES/DRP.dat, Semilla: 123, Tiempo (s): 0.153622
Instancia: INSTANCES/1450-71_4.dat, Semilla: 123, Tiempo (s): 83.2601
Instancia: INSTANCES/DRP.dat, Semilla: 123, Tiempo (s): 0.168701
Instancia: INSTANCES/100-3.dat, Semilla: 123, Tiempo (s): 0.307919
Instancia: INSTANCES/150-11.dat, Semilla: 123, Tiempo (s): 0.526221
Instancia: INSTANCES/1000-88_4.dat, Semilla: 123, Tiempo (s): 41.3303
Instancia: INSTANCES/100-3.dat, Semilla: 123, Tiempo (s): 0.334955
Instancia: INSTANCES/150-11.dat, Semilla: 123, Tiempo (s): 0.479325
Instancia: INSTANCES/DRP.dat, Semilla: 123, Tiempo (s): 0.201234
Instancia: INSTANCES/150-11.dat, Semilla: 123, Tiempo (s): 0.425208
Instancia: INSTANCES/150-11.dat, Semilla: 123, Tiempo (s): 0.484906
Instancia: INSTANCES/ggg.dat, Semilla: 1, Tiempo (s): 0.164539
Instancia: INSTANCES/ggg.dat, Semilla: 1, Tiempo (s): 0.28957
Instancia: INSTANCES/ggg.dat, Semilla: 1, Tiempo (s): 0.285404
Instancia: INSTANCES/SJC324-3.dat, Semilla: 1, Tiempo (s): 1.3813
Instancia: INSTANCES/bbb.dat, Semilla: 1, Tiempo (s): 0.515146
Instancia: INSTANCES/alcaldia_venustiano.dat, Semilla: 1, Tiempo (s): 1171.4
Instancia: INSTANCES/alcaldia_milpa_alta.dat, Semilla: 1, Tiempo (s): 2.16451
Instancia: INSTANCES/alcaldia_milpa_alta.dat, Semilla: 1, Tiempo (s): 2.58801
Instancia: INSTANCES/SJC324-3.dat, Semilla: 1, Tiempo (s): 0.088652
Instancia: INSTANCES/SJC324-3.dat, Semilla: 1, Tiempo (s): 0.130447
Instancia: INSTANCES/alcaldia_milpa_alta.dat, Semilla: 1, Tiempo (s): 2.61913
Instancia: INSTANCES/alcaldia_milpa_alta.dat, Semilla: 1, Tiempo (s): 2.79689
Instancia: INSTANCES/alcaldia_milpa_alta.dat, Semilla: 1, Tiempo (s): 2.38683
Instancia: INSTANCES/SJC324-3.dat, Semilla: 1, Tiempo (s): 0.110068
Instancia: INSTANCES/alcaldia_milpa_alta.dat, Semilla: 1, Tiempo (s): 3.27418
Instancia: INSTANCES/SJC324-3.dat, Semilla: 1, Tiempo (s): 0.114446
Instancia: INSTANCES/100-3.dat, Semilla: 1, Tiempo (s): 0.307037
Instancia: INSTANCES/100-3.dat, Semilla: 1, Tiempo (s): 0.230845
Instancia: INSTANCES/100-3.dat, Semilla: 1, Tiempo (s): 0.136684
Instancia: INSTANCES/100-3.dat, Semilla: 1, Tiempo (s): 0.060955
Instancia: INSTANCES/100-3.dat, Semilla: 1, Tiempo (s): 0.067332
Instancia: INSTANCES/100-3.dat, Semilla: 1, Tiempo (s): 0.108771
Instancia: INSTANCES/100-3.dat, Semilla: 1, Tiempo (s): 0.015413
Instancia: INSTANCES/100-3.dat, Semilla: 1, Tiempo (s): 0.007984
Instancia: INSTANCES/100-3.dat, Semilla: 1, Tiempo (s): 0.013872
Instancia: INSTANCES/100-3.dat, Semilla: 1, Tiempo (s): 0.025842
Instancia: INSTANCES/100-3.dat, Semilla: 1, Tiempo (s): 0.01473
Instancia: INSTANCES/100-3.dat, Semilla: 1, Tiempo (s): 0.007282
Instancia: INSTANCES/100-3.dat, Semilla: 1, Tiempo (s): 0.005585
Instancia: INSTANCES/100-3.dat, Semilla: 1, Tiempo (s): 0.008099
Instancia: INSTANCES/SJC324-3.dat, Semilla: 22, Tiempo (s): 0.020971
Instancia: INSTANCES/100-3.dat, Semilla: 1, Tiempo (s): 0.006313
Instancia: INSTANCES/100-3.dat, Semilla: 1, Tiempo (s): 0.003996
Instancia: INSTANCES/100-3.dat, Semilla: 1, Tiempo (s): 0.004208
Instancia: INSTANCES/100-3.dat, Semilla: 1, Tiempo (s): 0.006679
Instancia: INSTANCES/100-3.dat, Semilla: 1, Tiempo (s): 0.003684
Instancia: INSTANCES/SJC324-3.dat, Semilla: 1, Tiempo (s): 0.025797
Instancia: INSTANCES/SJC324-3.dat, Semilla: 1, Tiempo (s): 0.021101
Instancia: INSTANCES/100-3.dat, Semilla: 1, Tiempo (s): 0.007601
Instancia: INSTANCES/100-3.dat, Semilla: 1, Tiempo (s): 0.005989
Instancia: INSTANCES/100-3.dat, Semilla: 1, Tiempo (s): 0.015788
Instancia: INSTANCES/100-3.dat, Semilla: 1, Tiempo (s): 0.028486
Instancia: INSTANCES/100-3.dat, Semilla: 1, Tiempo (s): 0.008997
Instancia: INSTANCES/DRP.dat, Semilla: 1, Tiempo (s): 0.00706
Instancia: INSTANCES/100-3.dat, Semilla: 1, Tiempo (s): 0.007773
Instancia: INSTANCES/100-3.dat, Semilla: 1, Tiempo (s): 0.006261
Instancia: INSTANCES/100-3.dat, Semilla: 1, Tiempo (s): 0.01751
Instancia: INSTANCES/100-3.dat, Semilla: 1, Tiempo (s): 0.012746
Instancia: INSTANCES/100-3.dat, Semilla: 1, Tiempo (s): 0.995732
Instancia: INSTANCES/100-3.dat, Semilla: 1, Tiempo (s): 1.18939
Instancia: INSTANCES/DRP.dat, Semilla: 1, Tiempo (s): 0.496708
Instancia: INSTANCES/100-3.dat, Semilla: 1, Tiempo (s): 1.38903
Instancia: INSTANCES/100-3.dat, Semilla: 1, Tiempo (s): 0.282964
Instancia: INSTANCES/100-3.dat, Semilla: 1, Tiempo (s): 0.301294
Instancia: INSTANCES/100-3.dat, Semilla: 1, Tiempo (s): 0.283187
Instancia: INSTANCES/100-3.dat, Semilla: 1, Tiempo (s): 0.234106
Instancia: INSTANCES/100-3.dat, Semilla: 1, Tiempo (s): 0.364245
Instancia: INSTANCES/100-3.dat, Semilla: 1, Tiempo (s): 0.291459
Instancia: INSTANCES/DRP.dat, Semilla: 1, Tiempo (s): 0.121806
Instancia: INSTANCES/alcaldia_milpa_alta.dat, Semilla: 1, Tiempo (s): 54.7915
Instancia: INSTANCES/100-3.dat, Semilla: 1, Tiempo (s): 0.259771
Instancia: INSTANCES/1000-88_4.dat, Semilla: 1, Tiempo (s): 14.6675
Instancia: INSTANCES/1450-71_4.dat, Semilla: 1, Tiempo (s): 54.3095
Instancia: INSTANCES/100-3.dat, Semilla: 1, Tiempo (s): 0.42722
Instancia: INSTANCES/1000-88_4.dat, Semilla: 1, Tiempo (s): 23.6677
Instancia: INSTANCES/1450-71_4.dat, Semilla: 1, Tiempo (s): 35.8666
Instancia: INSTANCES/150-11.dat, Semilla: 1, Tiempo (s): 1.04046
Instancia: INSTANCES/DRP.dat, Semilla: 1, Tiempo (s): 0.168715
Instancia: INSTANCES/SJC324-3.dat, Semilla: 1, Tiempo (s): 1.45279
Instancia: INSTANCES/alcaldia_venustiano.dat, Semilla: 1, Tiempo (s): 18.8356
Instancia: INSTANCES/alcaldia_venustiano.dat, Semilla: 1, Tiempo (s): 93.6545
Instancia: INSTANCES/DRP.dat, Semilla: 445, Tiempo (s): 0.079018
Instancia: INSTANCES/DRP.dat, Semilla: 445, Tiempo (s): 0.072544
Instancia: INSTANCES/DRP.dat, Semilla: 445, Tiempo (s): 0.095022
Instancia: INSTANCES/DRP.dat, Semilla: 445, Tiempo (s): 0.082958
Instancia: INSTANCES/DRP.dat, Semilla: 445, Tiempo (s): 0.075691
Instancia: INSTANCES/DRP.dat, Semilla: 445, Tiempo (s): 0.087052
Instancia: INSTANCES/DRP.dat, Semilla: 1, Tiempo (s): 0.016606
Instancia: INSTANCES/DRP.dat, Semilla: 1, Tiempo (s): 0.030432
Instancia: INSTANCES/DRP.dat, Semilla: 1, Tiempo (s): 0.088487
Instancia: INSTANCES/DRP.dat, Semilla: 1, Tiempo (s): 0.01132
Instancia: INSTANCES/DRP.dat, Semilla: 1, Tiempo (s): 0.007892
Instancia: INSTANCES/DRP.dat, Semilla: 1, Tiempo (s): 0.009443
Instancia: INSTANCES/DRP.dat, Semilla: 1, Tiempo (s): 0.033138
Instancia: INSTANCES/DRP.dat, Semilla: 1, Tiempo (s): 0.033609
Instancia: INSTANCES/DRP.dat, Semilla: 1, Tiempo (s): 0.0662
Instancia: INSTANCES/DRP.dat, Semilla: 1, Tiempo (s): 0.056553
Instancia: INSTANCES/DRP.dat, Semilla: 1, Tiempo (s): 0.017614
Instancia: INSTANCES/DRP.dat, Semilla: 1, Tiempo (s): 0.019688
Instancia: INSTANCES/DRP.dat, Semilla: 1, Tiempo (s): 0.020167
Instancia: INSTANCES/DRP.dat, Semilla: 1, Tiempo (s): 0.027527
Instancia: INSTANCES/DRP.dat, Semilla: 1, Tiempo (s): 0.01767
Instancia: INSTANCES/DRP.dat, Semilla: 1, Tiempo (s): 0.020074
Instancia: INSTANCES/100-3.dat, Semilla: 1, Tiempo (s): 0.030015
Instancia: INSTANCES/100-3.dat, Semilla: 1, Tiempo (s): 0.028185
Instancia: INSTANCES/DRP.dat, Semilla: 1, Tiempo (s): 0.012176
Instancia: INSTANCES/DRP.dat, Semilla: 1, Tiempo (s): 0.011972
Instancia: INSTANCES/DRP.dat, Semilla: 1, Tiempo (s): 0.010546
Instancia: INSTANCES/DRP.dat, Semilla: 1, Tiempo (s): 0.023309
Instancia: INSTANCES/DRP.dat, Semilla: 1, Tiempo (s): 0.01557
Instancia: INSTANCES/DRP.dat, Semilla: 1, Tiempo (s): 0.020057
Instancia: INSTANCES/DRP.dat, Semilla: 1, Tiempo (s): 0.025053
Instancia: INSTANCES/DRP.dat, Semilla: 1, Tiempo (s): 0.019383
Instancia: INSTANCES/alcaldia_iztapalapa.dat, Semilla: 1, Tiempo (s): 112.284
Instancia: INSTANCES/alcaldia_iztapalapa.dat, Semilla: 1, Tiempo (s): 1153.73
Instancia: INSTANCES/alcaldia_iztapalapa.dat, Semilla: 1, Tiempo (s): 235.596
Instancia: INSTANCES/DRP.dat, Semilla: 1, Tiempo (s): 0.019525
Instancia: INSTANCES/DRP.dat, Semilla: 1, Tiempo (s): 0.018019
Instancia: INSTANCES/DRP.dat, Semilla: 1, Tiempo (s): 0.019905
Instancia: INSTANCES/DRP.dat, Semilla: 1, Tiempo (s): 0.037181
Instancia: INSTANCES/DRP.dat, Semilla: 1, Tiempo (s): 0.021996
Instancia: INSTANCES/DRP.dat, Semilla: 1, Tiempo (s): 0.013474
Instancia: INSTANCES/DRP.dat, Semilla: 1, Tiempo (s): 0.017969
Instancia: INSTANCES/DRP.dat, Semilla: 1, Tiempo (s): 0.016814
Instancia: INSTANCES/DRP.dat, Semilla: 1, Tiempo (s): 0.01654
Instancia: INSTANCES/DRP.dat, Semilla: 1, Tiempo (s): 0.013714
Instancia: INSTANCES/DRP.dat, Semilla: 1, Tiempo (s): 0.015871
Instancia: INSTANCES/DRP.dat, Semilla: 1, Tiempo (s): 0.017542
Instancia: INSTANCES/DRP.dat, Semilla: 1, Tiempo (s): 0.014216
Instancia: INSTANCES/DRP.dat, Semilla: 1, Tiempo (s): 0.010937
Instancia: INSTANCES/DRP.dat, Semilla: 1, Tiempo (s): 0.011404
Instancia: INSTANCES/DRP.dat, Semilla: 1, Tiempo (s): 0.011265
Instancia: INSTANCES/DRP.dat, Semilla: 2, Tiempo (s): 0.013377
Instancia: INSTANCES/DRP.dat, Semilla: 2, Tiempo (s): 0.01241
Instancia: INSTANCES/DRP.dat, Semilla: 1, Tiempo (s): 0.011821
Instancia: INSTANCES/DRP.dat, Semilla: 1, Tiempo (s): 0.015948
Instancia: INSTANCES/DRP.dat, Semilla: 1, Tiempo (s): 0.014348
Instancia: INSTANCES/DRP.dat, Semilla: 2, Tiempo (s): 0.012063
Instancia: INSTANCES/DRP.dat, Semilla: 3, Tiempo (s): 0.012908
Instancia: INSTANCES/DRP.dat, Semilla: 3, Tiempo (s): 0.013316
Instancia: INSTANCES/DRP.dat, Semilla: 3, Tiempo (s): 0.022757
Instancia: INSTANCES/DRP.dat, Semilla: 3, Tiempo (s): 0.032432
Instancia: INSTANCES/DRP.dat, Semilla: 2, Tiempo (s): 0.01879
Instancia: INSTANCES/DRP.dat, Semilla: 1, Tiempo (s): 0.020245
Instancia: INSTANCES/DRP.dat, Semilla: 1, Tiempo (s): 0.019712
Instancia: INSTANCES/DRP.dat, Semilla: 2, Tiempo (s): 0.024215
Instancia: INSTANCES/DRP.dat, Semilla: 3, Tiempo (s): 0.038248
Instancia: INSTANCES/DRP.dat, Semilla: 3, Tiempo (s): 0.016164
Instancia: INSTANCES/DRP.dat, Semilla: 3, Tiempo (s): 0.03036
Instancia: INSTANCES/DRP.dat, Semilla: 3, Tiempo (s): 0.018557
Instancia: INSTANCES/alcaldia_alvaro obregon.dat, Semilla: 3, Tiempo (s): 164.062
Instancia: INSTANCES/alcaldia_alvaro obregon.dat, Semilla: 3, Tiempo (s): 447.473
Instancia: INSTANCES/alcaldia_azcapotzalco.dat, Semilla: 3, Tiempo (s): 203.919
Instancia: INSTANCES/alcaldia_benito_juarez.dat, Semilla: 3, Tiempo (s): 224.416
Instancia: INSTANCES/alcaldia_coyoacan.dat, Semilla: 3, Tiempo (s): 245.088
Instancia: INSTANCES/alcaldia_cuajimalpa.dat, Semilla: 3, Tiempo (s): 18.3861
Instancia: INSTANCES/alcaldia_cuauhtemoc.dat, Semilla: 3, Tiempo (s): 492.345
Instancia: INSTANCES/alcaldia_gustavo_a_madero.dat, Semilla: 3, Tiempo (s): 867.569
Instancia: INSTANCES/alcaldia_iztacalco.dat, Semilla: 3, Tiempo (s): 157.172
Instancia: INSTANCES/alcaldia_la_magdalena_contreras.dat, Semilla: 3, Tiempo (s): 23.2634
Instancia: INSTANCES/alcaldia_miguel_hidalgo.dat, Semilla: 3, Tiempo (s): 276.764
Instancia: INSTANCES/alcaldia_milpa_alta.dat, Semilla: 3, Tiempo (s): 11.8232
Instancia: INSTANCES/alcaldia_tlahuac.dat, Semilla: 3, Tiempo (s): 101.845
Instancia: INSTANCES/alcaldia_tlalpan.dat, Semilla: 3, Tiempo (s): 316.905
Instancia: INSTANCES/alcaldia_venustiano.dat, Semilla: 3, Tiempo (s): 256.779
Instancia: INSTANCES/alcaldia_xochimilco.dat, Semilla: 3, Tiempo (s): 185.766
Instancia: INSTANCES/alcaldia_iztapalapa.dat, Semilla: 3, Tiempo (s): 1733.87
Instancia: INSTANCES/100-3.dat, Semilla: 1, Tiempo (s): 0.221519
Instancia: INSTANCES/100-3.dat, Semilla: 1, Tiempo (s): 0.278368
Instancia: INSTANCES/100-3.dat, Semilla: 1, Tiempo (s): 0.203637
Instancia: INSTANCES/100-3.dat, Semilla: 1, Tiempo (s): 0.19831
Instancia: /home/ignacio/TT2/EMO-D/MOEAD/INSTANCES/100-3.dat, Semilla: 1, Tiempo (s): 0.132828
Instancia: /home/ignacio/TT2/EMO-D/MOEAD/INSTANCES/100-3.dat, Semilla: 1, Tiempo (s): 0.10943
Instancia: /home/ignacio/TT2/EMO-D/MOEAD/../../inst/100-3.dat, Semilla: 1, Tiempo (s): 0.047042
Instancia: /home/ignacio/TT2/EMO-D/MOEAD/../../inst/100-3.dat, Semilla: 1, Tiempo (s): 0.123912
Instancia: /home/ignacio/TT2/visualizador_web/../datos/inst/100-3.dat, Semilla: 1, Tiempo (s): 0.348001
Instancia: ../../datos/inst/100-3.dat, Semilla: 0, Tiempo (s): 0.166265
Instancia: ../../datos/inst/100-3.dat, Semilla: 0, Tiempo (s): 0.140626
Instancia: ../../datos/inst/100-3.dat, Semilla: 0, Tiempo (s): 0.156123
Instancia: ../../datos/inst/100-3.dat, Semilla: 0, Tiempo (s): 0.14037
Instancia: ../../datos/inst/100-3.dat, Semilla: 0, Tiempo (s): 0.122026
Instancia: ../../datos/inst/1000-88_4.dat, Semilla: 0, Tiempo (s): 6.38249
Instancia: ../../datos/inst/150-11.dat, Semilla: 0, Tiempo (s): 0.299857
Instancia: /home/ignacio/TT2/visualizador_web/../datos/inst/100-3.dat, Semilla: 1, Tiempo (s): 0.179245
Instancia: /home/ignacio/TT2/visualizador_web/../datos/inst/DRP.dat, Semilla: 1, Tiempo (s): 0.061653
Instancia: /home/ignacio/TT2/visualizador_web/../datos/inst/1000-88_4.dat, Semilla: 1, Tiempo (s): 7.75673
Instancia: ../../datos/inst/150-11.dat, Semilla: 0, Tiempo (s): 0.252018
Instancia: ../../datos/inst/150-11.dat, Semilla: 0, Tiempo (s): 0.206489
Instancia: ../../datos/inst/150-11.dat, Semilla: 0, Tiempo (s): 0.272216
Instancia: ../datos/inst/150-11.dat, Semilla: 0, Tiempo (s): 0.247208
Instancia: ../datos/inst/100-3.dat, Semilla: 1, Tiempo (s): 0.175869
Instancia: ../../datos/inst/150-11.dat, Semilla: 0, Tiempo (s): 0.299176
Instancia: ../../datos/inst/100-3.dat, Semilla: 0, Tiempo (s): 0.160379
Instancia: ../../datos/inst/100-3.dat, Semilla: 0, Tiempo (s): 0.134798
Instancia: ../../datos/inst/cam_1390_MILPA_ALTA.dat, Semilla: 0, Tiempo (s): 7.75114
Instancia: ../../datos/inst/100-3.dat, Semilla: 1, Tiempo (s): 0.348755
Instancia: ../../datos/inst/100-3.dat, Semilla: 1, Tiempo (s): 0.127519
Instancia: ../../datos/inst/100-3.dat, Semilla: 1, Tiempo (s): 0.123105
Instancia: ../../datos/inst/100-3.dat, Semilla: 1, Tiempo (s): 0.156797
Inst: 100-3.dat, Seed: 1, Route: ./../../datos/res/raw_moead/100-3, Tiempo (s): 0.117273
Inst: 100-3.dat, Seed: 1, Route: ./../../datos/res/raw_moead/100-3, Tiempo (s): 0.060561
Inst: 100-3.dat, Seed: 1, Dest. Route: ./../../datos/res/raw_moead/100-3, Tiempo (s): 0.062687
Inst: 100-3.dat, Seed: 1, Dest. Route: ./../../datos/res/raw_moead/100-3, Tiempo (s): 0.058556
Inst: 100-3.dat, Seed: 1, Dest. Route: ./../../datos/res/raw_moead/100-3, Tiempo (s): 0.071641
Inst: 100-3.dat, Seed: 1, Dest. Route: ./MOEAD/../../datos/res/raw_moead/100-3, Tiempo (s): 0.060511
Inst: 100-3.dat, Seed: 1, Dest. Route: ./MOEAD/../../datos/res/raw_moead/100-3, Tiempo (s): 0.012174
Inst: 100-3.dat, Seed: 1, Dest. Route: /home/ignacio/TT2/visualizador_web/../EMO-D/MOEAD/../../datos/res/raw_moead/100-3, Tiempo (s): 0.017161
Inst: 100-3.dat, Seed: 1, Dest. Route: /home/ignacio/TT2/visualizador_web/../EMO-D/MOEAD/../../datos/res/raw_moead/100-3, Tiempo (s): 0.024833
Inst: cam_1390_MILPA_ALTA.dat, Seed: 0, Dest. Route: ../EMO-D/MOEAD/../../datos/res/raw_moead/cam_1390_MILPA_ALTA, Tiempo (s): 0.974653
Inst: 100-3.dat, Seed: 1, Dest. Route: /home/ignacio/TT2/visualizador_web/../EMO-D/MOEAD/../../datos/res/raw_moead/100-3, Tiempo (s): 0.019404
Inst: cam_1390_MILPA_ALTA.dat, Seed: 0, Dest. Route: ./../../datos/res/raw_moead/cam_1390_MILPA_ALTA, Tiempo (s): 1.23935
Inst: 1000-88_4.dat, Seed: 0, Dest. Route: ./../../datos/res/raw_moead/1000-88_4, Tiempo (s): 0.685771
Inst: 1000-88_4.dat, Seed: 1, Dest. Route: /home/ignacio/TT2/visualizador_web/../EMO-D/MOEAD/../../datos/res/raw_moead/1000-88_4, Tiempo (s): 0.711003
Inst: 100-3.dat, Seed: 123, Dest. Route: ./../../datos/res/raw_moead/100-3, Tiempo (s): 0.16301
Inst: 150-11.dat, Seed: 123, Dest. Route: ./../../datos/res/raw_moead/150-11, Tiempo (s): 0.347457
Inst: 150-11.dat, Seed: 123, Dest. Route: ./../../datos/res/raw_moead/150-11, Tiempo (s): 0.195999
Inst: 150-11.dat, Seed: 123, Dest. Route: ./../../datos/res/raw_moead/150-11, Tiempo (s): 0.025033
Inst: 150-11.dat, Seed: 123, Dest. Route: ./../../datos/res/raw_moead/150-11, Tiempo (s): 0.016774
Inst: 150-11.dat, Seed: 123, Dest. Route: ./../../datos/res/raw_moead/150-11, Tiempo (s): 0.018416
Inst: 150-11.dat, Seed: 123, Dest. Route: ./solver_moead/../../datos/res/raw_moead/150-11, Tiempo (s): 0.076782
Inst: 150-11.dat, Seed: 123, Dest. Route: ./../datos/res/raw_moead/150-11, Tiempo (s): 0.165573
Inst: 150-11.dat, Seed: 123, Dest. Route: ./../datos/res/raw_moead/150-11, Tiempo (s): 0.055687
Inst: 150-11.dat, Seed: 123, Dest. Route: ./../datos/res/raw_moead/150-11, Tiempo (s): 0.064857
Inst: 150-11.dat, Seed: 123, Dest. Route: ./../datos/res/raw_moead/150-11, Tiempo (s): 0.105615
Inst: 150-11.dat, Seed: 123, Dest. Route: ./../datos/res/raw_moead/150-11, Tiempo (s): 0.057705
